<?xml version="1.0" encoding="UTF-8"?>
<testsuite xmlns:xsi="http://www.w3.org/2001/XMLSchema-instance" xsi:noNamespaceSchemaLocation="https://maven.apache.org/surefire/maven-surefire-plugin/xsd/surefire-test-report.xsd" name="TestSuite" time="41.466" tests="1" errors="0" skipped="0" failures="1">
  <properties>
[...]
</properties>
  <testcase name="feature" classname="com.crm.runner.TestRunner" time="37.263">
    <failure message="java.lang.NullPointerException" type="cucumber.runtime.CucumberException">cucumber.runtime.CucumberException: java.lang.NullPointerException
	at com.crm.runner.TestRunner.feature(TestRunner.java:38)
Caused by: java.lang.NullPointerException
</failure>
    <system-out><![CDATA[#Author: your.email@your.domain.com
#Keywords Summary :
#Feature: List of scenarios.
#Scenario: Business rule through list of steps with arguments.
#Given: Some precondition step
#When: Some key actions
#Then: To observe outcomes or validation
#And,But: To enumerate more Given,When,Then steps
#Scenario Outline: List of steps for data-driven as an Examples and <placeholder>
#Examples: Container for s table
#Background: List of steps run before each of the scenarios
#""" (Doc Strings)
#| (Data Tables)
#@ (Tags/Labels):To group Scenarios
#<> (placeholder)
#""
## (Comments)
#Sample Feature Definition Template
Feature: CRM application login test
[INFO ] 2019-09-29 01:42:10.427 [TestNG-tests-1] WebEventListener - navigating to: 'https://ui.freecrm.com'
[INFO ] 2019-09-29 01:42:22.740 [TestNG-tests-1] WebEventListener - navigated to: 'https://ui.freecrm.com'

  Scenario: Title of your scenario      &amp#27;[90m# crmLogin.feature:22&amp#27;[0m
    &amp#27;[32mGiven &amp#27;[0m&amp#27;[32muser is already on Login Page&amp#27;[0m &amp#27;[90m# LoginStepDefinition.user_already_on_login_page()&amp#27;[0m
    #  Then title of login page is Free CRM
    #  Then user enters "<username>" and "<password>"
    #  Then user clicks on login button
    &amp#27;[31mThen &amp#27;[0m&amp#27;[31mClose the browser&amp#27;[0m              &amp#27;[90m# LoginStepDefinition.close_the_browser()&amp#27;[0m
      &amp#27;[31mjava.lang.NullPointerException
      	at com.crm.stepDefinitions.LoginStepDefinition.close_the_browser(LoginStepDefinition.java:85)
      	at ?.Then Close the browser(crmLogin.feature:27)
      &amp#27;[0m
]]></system-out>
    <system-err><![CDATA[Starting ChromeDriver 77.0.3865.40 (f484704e052e0b556f8030b65b953dce96503217-refs/branch-heads/3865@{#442}) on port 8924
Only local connections are allowed.
Please protect ports used by ChromeDriver and related test frameworks to prevent access by malicious code.
Sep 29, 2019 1:42:07 AM org.openqa.selenium.remote.ProtocolHandshake createSession
INFO: Detected dialect: W3C
]]></system-err>
  </testcase>
</testsuite>