<?xml version="1.0" encoding="UTF-8"?>
<!-- Generated by org.testng.reporters.JUnitXMLReporter -->
<testsuite hostname="nexus" ignored="0" name="FREE CRM Test" tests="1" failures="1" timestamp="28 Sep 2019 20:12:23 GMT" time="38.129" errors="0">
  <testcase name="feature" time="36.856" classname="com.crm.runner.TestRunner">
    <failure type="cucumber.runtime.CucumberException" message="java.lang.NullPointerException">
      <![CDATA[cucumber.runtime.CucumberException: java.lang.NullPointerException
at cucumber.api.testng.TestNGCucumberRunner.runCucumber(TestNGCucumberRunner.java:69)
at com.crm.runner.TestRunner.feature(TestRunner.java:38)
at java.util.concurrent.FutureTask.run(FutureTask.java:266)
at java.util.concurrent.ThreadPoolExecutor.runWorker(ThreadPoolExecutor.java:1149)
at java.util.concurrent.ThreadPoolExecutor$Worker.run(ThreadPoolExecutor.java:624)
at java.lang.Thread.run(Thread.java:748)
Caused by: java.lang.NullPointerException
at com.crm.stepDefinitions.LoginStepDefinition.close_the_browser(LoginStepDefinition.java:85)
at ✽.Then Close the browser(crmLogin.feature:27)
... Removed 16 stack frames]]>
    </failure>
  </testcase> <!-- feature -->
</testsuite> <!-- FREE CRM Test -->
